[debug] [2024-07-09T20:33:28.420Z] ----------------------------------------------------------------------
[debug] [2024-07-09T20:33:28.424Z] Command:       C:\Program Files\nodejs\node.exe C:\Users\55199\AppData\Roaming\npm\node_modules\firebase-tools\lib\bin\firebase.js init
[debug] [2024-07-09T20:33:28.425Z] CLI Version:   13.13.0
[debug] [2024-07-09T20:33:28.425Z] Platform:      win32
[debug] [2024-07-09T20:33:28.426Z] Node Version:  v21.7.1
[debug] [2024-07-09T20:33:28.426Z] Time:          Tue Jul 09 2024 17:33:28 GMT-0300 (Horário Padrão de Brasília)
[debug] [2024-07-09T20:33:28.426Z] ----------------------------------------------------------------------
[debug] 
[debug] [2024-07-09T20:33:28.530Z] > command requires scopes: ["email","openid","https://www.googleapis.com/auth/cloudplatformprojects.readonly","https://www.googleapis.com/auth/firebase","https://www.googleapis.com/auth/cloud-platform"]
[debug] [2024-07-09T20:33:28.531Z] > authorizing via signed-in user (brunocoio@gmail.com)
[info] 
     ######## #### ########  ######## ########     ###     ######  ########
     ##        ##  ##     ## ##       ##     ##  ##   ##  ##       ##
     ######    ##  ########  ######   ########  #########  ######  ######
     ##        ##  ##    ##  ##       ##     ## ##     ##       ## ##
     ##       #### ##     ## ######## ########  ##     ##  ######  ########

You're about to initialize a Firebase project in this directory:

  D:\xampp\htdocs\cursos\javascript\CURSO_REACT_NATIVE\lambe

Before we get started, keep in mind:

  * You are initializing within an existing Firebase project directory

[info] 
=== Project Setup
[info] 
[info] First, let's associate this project directory with a Firebase project.
[info] You can create multiple project aliases by running firebase use --add, 
[info] but for now we'll just set up a default project.
[info] 
[debug] [2024-07-09T20:34:39.343Z] Using project from CLI flag: lambe-bedee
[debug] [2024-07-09T20:34:39.353Z] >>> [apiv2][query] GET https://firebase.googleapis.com/v1beta1/projects/lambe-bedee [none]
[debug] [2024-07-09T20:34:39.976Z] <<< [apiv2][status] GET https://firebase.googleapis.com/v1beta1/projects/lambe-bedee 403
[debug] [2024-07-09T20:34:39.976Z] <<< [apiv2][body] GET https://firebase.googleapis.com/v1beta1/projects/lambe-bedee {"error":{"code":403,"message":"The caller does not have permission","status":"PERMISSION_DENIED"}}
[debug] [2024-07-09T20:34:39.976Z] HTTP Error: 403, The caller does not have permission
[debug] [2024-07-09T20:34:40.111Z] FirebaseError: HTTP Error: 403, The caller does not have permission
    at responseToError (C:\Users\55199\AppData\Roaming\npm\node_modules\firebase-tools\lib\responseToError.js:49:12)
    at RetryOperation._fn (C:\Users\55199\AppData\Roaming\npm\node_modules\firebase-tools\lib\apiv2.js:305:77)
    at process.processTicksAndRejections (node:internal/process/task_queues:95:5)
[error] 
[error] Error: Failed to get Firebase project lambe-bedee. Please make sure the project exists and your account has permission to access it.
